# JRE version: Java(TM) SE Runtime Environment 18.9 (11.0.16.1+1) (build 11.0.16.1+1-LTS-1)
# Java VM: Java HotSpot(TM) 64-Bit Server VM 18.9 (11.0.16.1+1-LTS-1, mixed mode, tiered, compressed oops, g1 gc, windows-amd64)
Heap:
 garbage-first heap   total 126976K, used 25302K [0x0000000080000000, 0x0000000100000000)
  region size 1024K, 9 young (9216K), 1 survivors (1024K)
 Metaspace       used 21649K, capacity 22181K, committed 22320K, reserved 536576K
  class space    used 2656K, capacity 2855K, committed 2944K, reserved 516096K
GC Heap History (10 events):
Event: 134.747 GC heap before
{Heap before GC invocations=1 (full 0):
 garbage-first heap   total 126976K, used 83129K [0x0000000080000000, 0x0000000100000000)
  region size 1024K, 74 young (75776K), 2 survivors (2048K)
 Metaspace       used 16483K, capacity 16859K, committed 17152K, reserved 532480K
  class space    used 1882K, capacity 2009K, committed 2048K, reserved 516096K
}
Event: 135.398 GC heap after
{Heap after GC invocations=2 (full 0):
 garbage-first heap   total 126976K, used 16715K [0x0000000080000000, 0x0000000100000000)
  region size 1024K, 10 young (10240K), 10 survivors (10240K)
 Metaspace       used 16483K, capacity 16859K, committed 17152K, reserved 532480K
  class space    used 1882K, capacity 2009K, committed 2048K, reserved 516096K
}
Event: 156.819 GC heap before
{Heap before GC invocations=2 (full 0):
 garbage-first heap   total 126976K, used 22859K [0x0000000080000000, 0x0000000100000000)
  region size 1024K, 16 young (16384K), 10 survivors (10240K)
 Metaspace       used 17490K, capacity 17875K, committed 18176K, reserved 532480K
  class space    used 2035K, capacity 2178K, committed 2304K, reserved 516096K
}
Event: 156.853 GC heap after
{Heap after GC invocations=3 (full 0):
 garbage-first heap   total 126976K, used 17675K [0x0000000080000000, 0x0000000100000000)
  region size 1024K, 1 young (1024K), 1 survivors (1024K)
 Metaspace       used 17490K, capacity 17875K, committed 18176K, reserved 532480K
  class space    used 2035K, capacity 2178K, committed 2304K, reserved 516096K
}
Event: 186.781 GC heap before
{Heap before GC invocations=3 (full 0):
 garbage-first heap   total 126976K, used 29963K [0x0000000080000000, 0x0000000100000000)
  region size 1024K, 13 young (13312K), 1 survivors (1024K)
 Metaspace       used 19582K, capacity 19981K, committed 20224K, reserved 534528K
  class space    used 2318K, capacity 2459K, committed 2560K, reserved 516096K
}
Event: 187.133 GC heap after
{Heap after GC invocations=4 (full 0):
 garbage-first heap   total 126976K, used 17575K [0x0000000080000000, 0x0000000100000000)
  region size 1024K, 1 young (1024K), 1 survivors (1024K)
 Metaspace       used 19582K, capacity 19981K, committed 20224K, reserved 534528K
  class space    used 2318K, capacity 2459K, committed 2560K, reserved 516096K
}
Event: 206.622 GC heap before
{Heap before GC invocations=4 (full 0):
 garbage-first heap   total 126976K, used 24743K [0x0000000080000000, 0x0000000100000000)
  region size 1024K, 8 young (8192K), 1 survivors (1024K)
 Metaspace       used 20172K, capacity 20616K, committed 20864K, reserved 534528K
  class space    used 2425K, capacity 2609K, committed 2688K, reserved 516096K
}
Event: 206.630 GC heap after
{Heap after GC invocations=5 (full 0):
 garbage-first heap   total 126976K, used 17901K [0x0000000080000000, 0x0000000100000000)
  region size 1024K, 1 young (1024K), 1 survivors (1024K)
 Metaspace       used 20172K, capacity 20616K, committed 20864K, reserved 534528K
  class space    used 2425K, capacity 2609K, committed 2688K, reserved 516096K
}
Event: 217.952 GC heap before
{Heap before GC invocations=5 (full 0):
 garbage-first heap   total 126976K, used 24045K [0x0000000080000000, 0x0000000100000000)
  region size 1024K, 8 young (8192K), 1 survivors (1024K)
 Metaspace       used 20800K, capacity 21229K, committed 21296K, reserved 536576K
  class space    used 2511K, capacity 2687K, committed 2688K, reserved 516096K
}
Event: 217.986 GC heap after
{Heap after GC invocations=6 (full 0):
 garbage-first heap   total 126976K, used 18134K [0x0000000080000000, 0x0000000100000000)
  region size 1024K, 1 young (1024K), 1 survivors (1024K)
 Metaspace       used 20800K, capacity 21229K, committed 21296K, reserved 536576K
  class space    used 2511K, capacity 2687K, committed 2688K, reserved 516096K
}

