# JRE version: Java(TM) SE Runtime Environment 18.9 (11.0.16.1+1) (build 11.0.16.1+1-LTS-1)
# Java VM: Java HotSpot(TM) 64-Bit Server VM 18.9 (11.0.16.1+1-LTS-1, mixed mode, tiered, compressed oops, g1 gc, windows-amd64)
Heap:
 garbage-first heap   total 126976K, used 33263K [0x0000000080000000, 0x0000000100000000)
  region size 1024K, 16 young (16384K), 3 survivors (3072K)
 Metaspace       used 27426K, capacity 28051K, committed 28208K, reserved 540672K
  class space    used 3586K, capacity 3844K, committed 3968K, reserved 516096K
GC Heap History (10 events):
Event: 182.060 GC heap before
{Heap before GC invocations=5 (full 0):
 garbage-first heap   total 126976K, used 30559K [0x0000000080000000, 0x0000000100000000)
  region size 1024K, 14 young (14336K), 1 survivors (1024K)
 Metaspace       used 20799K, capacity 21228K, committed 21296K, reserved 536576K
  class space    used 2513K, capacity 2686K, committed 2688K, reserved 516096K
}
Event: 182.247 GC heap after
{Heap after GC invocations=6 (full 0):
 garbage-first heap   total 126976K, used 18588K [0x0000000080000000, 0x0000000100000000)
  region size 1024K, 1 young (1024K), 1 survivors (1024K)
 Metaspace       used 20799K, capacity 21228K, committed 21296K, reserved 536576K
  class space    used 2513K, capacity 2686K, committed 2688K, reserved 516096K
}
Event: 191.616 GC heap before
{Heap before GC invocations=7 (full 0):
 garbage-first heap   total 126976K, used 30876K [0x0000000080000000, 0x0000000100000000)
  region size 1024K, 13 young (13312K), 1 survivors (1024K)
 Metaspace       used 21893K, capacity 22352K, committed 22576K, reserved 536576K
  class space    used 2703K, capacity 2889K, committed 2944K, reserved 516096K
}
Event: 191.652 GC heap after
{Heap after GC invocations=8 (full 0):
 garbage-first heap   total 126976K, used 18980K [0x0000000080000000, 0x0000000100000000)
  region size 1024K, 2 young (2048K), 2 survivors (2048K)
 Metaspace       used 21893K, capacity 22352K, committed 22576K, reserved 536576K
  class space    used 2703K, capacity 2889K, committed 2944K, reserved 516096K
}
Event: 194.917 GC heap before
{Heap before GC invocations=8 (full 0):
 garbage-first heap   total 126976K, used 32292K [0x0000000080000000, 0x0000000100000000)
  region size 1024K, 15 young (15360K), 2 survivors (2048K)
 Metaspace       used 23383K, capacity 23955K, committed 24112K, reserved 538624K
  class space    used 2946K, capacity 3173K, committed 3200K, reserved 516096K
}
Event: 195.013 GC heap after
{Heap after GC invocations=9 (full 0):
 garbage-first heap   total 126976K, used 19464K [0x0000000080000000, 0x0000000100000000)
  region size 1024K, 2 young (2048K), 2 survivors (2048K)
 Metaspace       used 23383K, capacity 23955K, committed 24112K, reserved 538624K
  class space    used 2946K, capacity 3173K, committed 3200K, reserved 516096K
}
Event: 198.660 GC heap before
{Heap before GC invocations=9 (full 0):
 garbage-first heap   total 126976K, used 33800K [0x0000000080000000, 0x0000000100000000)
  region size 1024K, 16 young (16384K), 2 survivors (2048K)
 Metaspace       used 24323K, capacity 24970K, committed 25008K, reserved 538624K
  class space    used 3104K, capacity 3319K, committed 3328K, reserved 516096K
}
Event: 198.673 GC heap after
{Heap after GC invocations=10 (full 0):
 garbage-first heap   total 126976K, used 20161K [0x0000000080000000, 0x0000000100000000)
  region size 1024K, 2 young (2048K), 2 survivors (2048K)
 Metaspace       used 24323K, capacity 24970K, committed 25008K, reserved 538624K
  class space    used 3104K, capacity 3319K, committed 3328K, reserved 516096K
}
Event: 209.133 GC heap before
{Heap before GC invocations=10 (full 0):
 garbage-first heap   total 126976K, used 37569K [0x0000000080000000, 0x0000000100000000)
  region size 1024K, 19 young (19456K), 2 survivors (2048K)
 Metaspace       used 26211K, capacity 26821K, committed 26928K, reserved 540672K
  class space    used 3420K, capacity 3662K, committed 3712K, reserved 516096K
}
Event: 209.153 GC heap after
{Heap after GC invocations=11 (full 0):
 garbage-first heap   total 126976K, used 20975K [0x0000000080000000, 0x0000000100000000)
  region size 1024K, 3 young (3072K), 3 survivors (3072K)
 Metaspace       used 26211K, capacity 26821K, committed 26928K, reserved 540672K
  class space    used 3420K, capacity 3662K, committed 3712K, reserved 516096K
}

